0 info it worked if it ends with ok
1 verbose cli [ 'nodejs', '/usr/bin/npm', 'publish' ]
2 info using npm@1.2.12
3 info using node@v0.8.21
4 verbose publish [ '.' ]
5 verbose read json /home/familia/Repos/scaffoldr/package.json
6 error Failed to parse json
6 error Unexpected string
7 error File: /home/familia/Repos/scaffoldr/package.json
8 error Failed to parse package.json data.
8 error package.json must be actual JSON, not just JavaScript.
8 error
8 error This is not a bug in npm.
8 error Tell the package author to fix their package.json file. JSON.parse
9 error System Linux 3.2.0-38-generic-pae
10 error command "nodejs" "/usr/bin/npm" "publish"
11 error cwd /home/familia/Repos/scaffoldr
12 error node -v v0.8.21
13 error npm -v 1.2.12
14 error file /home/familia/Repos/scaffoldr/package.json
15 error code EJSONPARSE
16 verbose exit [ 1, true ]
